2016-12-13 21:43:46,001 AAPL fundamental data error!
2016-12-13 21:43:46,377 GOOGL fundamental data error!
2016-12-13 21:43:46,755 GOOG fundamental data error!
2016-12-13 21:43:48,077 MSFT fundamental data error!
2016-12-13 21:43:49,834 BRK/B fundamental data error!
2016-12-13 21:43:50,281 BRK/A fundamental data error!
2016-12-13 21:43:50,753 AMZN fundamental data error!
2016-12-13 21:43:52,400 FB fundamental data error!
2016-12-13 21:43:52,864 XOM fundamental data error!
2016-12-13 21:43:53,274 JNJ fundamental data error!
2016-12-13 21:43:53,673 GE fundamental data error!
2016-12-13 21:43:54,084 WFC fundamental data error!
2016-12-13 21:43:56,155 CHL fundamental data error!
2016-12-13 21:43:56,519 T fundamental data error!
2016-12-13 21:43:56,816 BABA fundamental data error!
2016-12-13 21:43:57,271 JPM fundamental data error!
2016-12-13 21:43:57,666 PG fundamental data error!
2016-12-13 21:43:57,981 WMT fundamental data error!
2016-12-13 21:43:59,071 VZ fundamental data error!
2016-12-13 21:43:59,476 PFE fundamental data error!
2016-12-13 21:43:59,807 NVS fundamental data error!
2016-12-13 21:44:00,143 RDS/B fundamental data error!
2016-12-13 21:44:00,503 RDS/A fundamental data error!
2016-12-13 21:44:00,859 BUD fundamental data error!
2016-12-13 21:44:01,324 TM fundamental data error!
2016-12-13 21:44:01,736 SPY fundamental data error!
2016-12-13 21:44:02,160 PTR fundamental data error!
2016-12-13 21:44:04,077 V fundamental data error!
2016-12-13 21:44:04,537 CVX fundamental data error!
2016-12-13 21:44:04,945 KO fundamental data error!
2016-12-13 21:44:05,346 MRK fundamental data error!
2016-12-13 21:44:05,805 INTC fundamental data error!
2016-12-13 21:44:06,191 ORCL fundamental data error!
2016-12-13 21:44:06,591 HD fundamental data error!
2016-12-13 21:44:07,003 BAC fundamental data error!
2016-12-13 21:44:07,348 CSCO fundamental data error!
2016-12-13 21:44:09,270 CMCSA fundamental data error!
2016-12-13 21:44:09,677 PM fundamental data error!
2016-12-13 21:44:10,013 PEP fundamental data error!
2016-12-13 21:44:10,346 HSBC fundamental data error!
2016-12-13 21:44:10,700 IBM fundamental data error!
2016-12-13 21:44:11,023 DIS fundamental data error!
2016-12-13 21:44:11,353 TSM fundamental data error!
2016-12-13 21:44:11,693 UN fundamental data error!
2016-12-13 21:44:12,019 UL fundamental data error!
2016-12-13 21:44:12,389 C fundamental data error!
2016-12-13 21:44:12,816 MO fundamental data error!
2016-12-13 21:44:13,230 UNH fundamental data error!
2016-12-13 21:44:15,402 AMGN fundamental data error!
2016-12-13 21:44:15,820 TOT fundamental data error!
2016-12-13 21:44:16,244 MDT fundamental data error!
2016-12-13 21:44:16,742 NVO fundamental data error!
2016-12-13 21:44:17,132 SAP fundamental data error!
2016-12-13 21:44:17,617 MMM fundamental data error!
2016-12-13 21:44:33,502 SLB fundamental data error!
2016-12-13 21:44:34,813 KHC fundamental data error!
2016-12-13 21:44:35,172 BP fundamental data error!
2016-12-13 21:44:35,558 GSK fundamental data error!
2016-12-13 21:44:35,894 MA fundamental data error!
2016-12-13 21:44:36,292 ABBV fundamental data error!
2016-12-13 21:44:37,977 DCM fundamental data error!
2016-12-13 21:44:38,354 GILD fundamental data error!
2016-12-13 21:44:38,675 SNY fundamental data error!
2016-12-13 21:44:39,118 CVS fundamental data error!
2016-12-13 21:44:39,688 MCD fundamental data error!
2016-12-13 21:44:40,162 NKE fundamental data error!
2016-12-13 21:44:40,602 UPS fundamental data error!
2016-12-13 21:44:41,068 ABEV fundamental data error!
2016-12-13 21:44:41,487 NTT fundamental data error!
2016-12-13 21:44:41,982 BMY fundamental data error!
2016-12-13 21:44:42,457 AGN fundamental data error!
2016-12-13 21:44:42,864 QCOM fundamental data error!
2016-12-13 21:44:44,473 SNP fundamental data error!
2016-12-13 21:44:44,932 UTX fundamental data error!
2016-12-13 21:44:45,440 WBA fundamental data error!
2016-12-13 21:44:46,101 HON fundamental data error!
2016-12-13 21:44:46,530 LFC fundamental data error!
2016-12-13 21:44:46,966 LLY fundamental data error!
2016-12-13 21:44:47,327 CHTR fundamental data error!
2016-12-13 21:44:48,220 AZN fundamental data error!
2016-12-13 21:44:48,577 SBUX fundamental data error!
2016-12-13 21:44:49,219 VOD fundamental data error!
2016-12-13 21:44:49,615 BA fundamental data error!
2016-12-13 21:44:49,976 CELG fundamental data error!
2016-12-13 21:44:50,360 MTU fundamental data error!
2016-12-13 21:44:50,697 UNP fundamental data error!
2016-12-13 21:44:51,088 IVV fundamental data error!
2016-12-13 21:44:51,579 BHP fundamental data error!
2016-12-13 21:44:51,975 BBL fundamental data error!
2016-12-13 21:44:52,389 USB fundamental data error!
2016-12-13 21:44:52,829 ACN fundamental data error!
2016-12-13 21:44:53,218 WBK fundamental data error!
2016-12-13 21:44:53,634 LMT fundamental data error!
2016-12-13 21:44:54,148 DEO fundamental data error!
2016-12-13 21:44:54,537 RAI fundamental data error!
2016-12-13 21:44:55,163 GS fundamental data error!
2016-12-13 21:44:55,644 PCLN fundamental data error!
2016-12-13 21:44:56,034 TXN fundamental data error!
2016-12-13 21:44:56,363 COST fundamental data error!
2016-12-13 21:44:56,795 MDLZ fundamental data error!
2016-12-13 21:52:31,410 AAPL fundamental data done!
2016-12-13 21:52:32,013 GOOGL fundamental data done!
2016-12-13 21:52:32,571 GOOG fundamental data done!
2016-12-13 21:52:33,130 MSFT fundamental data done!
2016-12-13 21:52:33,433 BRK/B fundamental data error!
2016-12-13 21:52:33,725 BRK/A fundamental data error!
2016-12-13 21:52:34,191 AMZN fundamental data done!
2016-12-13 21:52:34,829 FB fundamental data done!
2016-12-13 21:52:35,341 XOM fundamental data done!
2016-12-13 21:52:35,996 JNJ fundamental data done!
2016-12-13 21:52:36,752 GE fundamental data done!
2016-12-13 21:52:37,015 WFC fundamental data error!
2016-12-13 21:52:37,719 CHL fundamental data error!
2016-12-13 21:52:38,351 T fundamental data done!
2016-12-13 21:52:38,836 BABA fundamental data done!
2016-12-13 21:52:39,118 JPM fundamental data error!
2016-12-13 21:52:39,664 PG fundamental data done!
2016-12-13 21:52:41,433 WMT fundamental data done!
2016-12-13 21:52:41,928 VZ fundamental data done!
2016-12-13 21:52:43,501 PFE fundamental data done!
2016-12-13 21:52:44,072 NVS fundamental data done!
2016-12-13 21:52:44,383 RDS/B fundamental data error!
2016-12-13 21:52:44,684 RDS/A fundamental data error!
2016-12-13 21:52:45,187 BUD fundamental data error!
2016-12-13 21:52:45,875 TM fundamental data done!
2016-12-13 21:52:46,201 SPY fundamental data error!
2016-12-13 21:52:48,507 PTR fundamental data done!
2016-12-13 21:52:49,053 V fundamental data done!
2016-12-13 21:52:49,601 CVX fundamental data done!
2016-12-13 21:52:50,092 KO fundamental data done!
2016-12-13 21:52:51,199 MRK fundamental data done!
2016-12-13 21:52:51,877 INTC fundamental data done!
2016-12-13 21:52:52,968 ORCL fundamental data done!
2016-12-13 21:52:53,564 HD fundamental data done!
2016-12-13 21:52:53,881 BAC fundamental data error!
2016-12-13 21:52:54,503 CSCO fundamental data done!
2016-12-13 21:52:54,991 CMCSA fundamental data done!
2016-12-13 21:52:56,175 PM fundamental data error!
2016-12-13 21:52:56,781 PEP fundamental data done!
2016-12-13 21:52:57,205 HSBC fundamental data error!
2016-12-13 21:52:57,656 IBM fundamental data done!
2016-12-13 21:52:58,182 DIS fundamental data done!
2016-12-13 21:52:58,650 TSM fundamental data done!
2016-12-13 21:52:59,225 UN fundamental data done!
2016-12-13 21:53:00,036 UL fundamental data done!
2016-12-13 21:53:00,316 C fundamental data error!
2016-12-13 21:53:00,770 MO fundamental data done!
2016-12-13 21:53:01,695 UNH fundamental data done!
2016-12-13 21:53:02,234 AMGN fundamental data done!
2016-12-13 21:53:02,809 TOT fundamental data done!
2016-12-13 21:53:04,333 MDT fundamental data done!
2016-12-13 21:53:04,978 NVO fundamental data done!
2016-12-13 21:53:05,519 SAP fundamental data done!
2016-12-13 21:53:06,598 MMM fundamental data done!
2016-12-13 21:53:07,116 SLB fundamental data done!
2016-12-13 21:53:07,462 KHC fundamental data error!
2016-12-13 21:53:07,965 BP fundamental data done!
2016-12-13 21:53:08,521 GSK fundamental data done!
2016-12-13 21:53:09,041 MA fundamental data done!
2016-12-13 21:53:09,599 ABBV fundamental data done!
2016-12-13 21:53:10,096 DCM fundamental data done!
2016-12-13 21:53:10,743 GILD fundamental data done!
2016-12-13 21:53:11,883 SNY fundamental data error!
2016-12-13 21:53:12,696 CVS fundamental data done!
2016-12-13 21:53:13,556 MCD fundamental data error!
2016-12-13 21:53:14,445 NKE fundamental data done!
2016-12-13 21:53:15,178 UPS fundamental data done!
2016-12-13 21:53:15,663 ABEV fundamental data done!
2016-12-13 21:53:16,248 NTT fundamental data done!
2016-12-13 21:53:16,820 BMY fundamental data done!
2016-12-13 21:53:27,775 AGN fundamental data done!
2016-12-13 21:53:28,336 QCOM fundamental data done!
2016-12-13 21:53:28,924 SNP fundamental data done!
2016-12-13 21:53:29,673 UTX fundamental data done!
2016-12-13 21:53:30,310 WBA fundamental data done!
2016-12-13 21:53:31,148 HON fundamental data done!
2016-12-13 21:53:32,416 LFC fundamental data done!
2016-12-13 21:53:33,046 LLY fundamental data done!
2016-12-13 21:53:35,069 CHTR fundamental data done!
2016-12-13 21:53:35,612 AZN fundamental data done!
2016-12-13 21:53:36,092 SBUX fundamental data done!
2016-12-13 21:53:36,399 VOD fundamental data error!
2016-12-13 21:53:36,910 BA fundamental data done!
2016-12-13 21:53:37,216 CELG fundamental data error!
2016-12-13 21:53:37,511 MTU fundamental data error!
2016-12-13 21:53:38,120 UNP fundamental data done!
2016-12-13 21:53:38,477 IVV fundamental data error!
2016-12-13 21:53:38,747 BHP fundamental data error!
2016-12-13 21:53:39,047 BBL fundamental data error!
2016-12-13 21:53:39,384 USB fundamental data error!
2016-12-13 21:53:39,883 ACN fundamental data done!
2016-12-13 21:53:40,178 WBK fundamental data error!
2016-12-13 21:53:42,335 LMT fundamental data done!
2016-12-13 21:53:43,581 DEO fundamental data done!
2016-12-13 21:53:44,440 RAI fundamental data done!
2016-12-13 21:53:44,706 GS fundamental data error!
2016-12-13 21:53:45,198 PCLN fundamental data done!
2016-12-13 21:53:46,027 TXN fundamental data done!
2016-12-13 21:53:46,756 COST fundamental data error!
2016-12-13 21:53:47,202 MDLZ fundamental data done!
